#
# There is insufficient memory for the Java Runtime Environment to continue.
# Native memory allocation (malloc) failed to allocate 1048576 bytes for AllocateHeap
# Possible reasons:
#   The system is out of physical RAM or swap space
#   In 32 bit mode, the process size limit was hit
# Possible solutions:
#   Reduce memory load on the system
#   Increase physical memory or swap space
#   Check if swap backing store is full
#   Use 64 bit Java on a 64 bit OS
#   Decrease Java heap size (-Xmx/-Xms)
#   Decrease number of Java threads
#   Decrease Java thread stack sizes (-Xss)
#   Set larger code cache with -XX:ReservedCodeCacheSize=
# This output file may be truncated or incomplete.
#
#  Out of Memory Error (memory/allocation.inline.hpp:61), pid=10764, tid=0x0000000000005744
#
# JRE version:  (8.0_101-b13) (build )
# Java VM: Java HotSpot(TM) 64-Bit Server VM (25.101-b13 mixed mode windows-amd64 compressed oops)
# Failed to write core dump. Minidumps are not enabled by default on client versions of Windows
#

---------------  T H R E A D  ---------------

Current thread (0x0000000002eb3000):  JavaThread "Unknown thread" [_thread_in_vm, id=22340, stack(0x0000000002d90000,0x0000000002e90000)]

Stack: [0x0000000002d90000,0x0000000002e90000]
[error occurred during error reporting (printing stack bounds), id 0xc0000005]

Native frames: (J=compiled Java code, j=interpreted, Vv=VM code, C=native code)


---------------  P R O C E S S  ---------------

Java Threads: ( => current thread )

Other Threads:

=>0x0000000002eb3000 (exited) JavaThread "Unknown thread" [_thread_in_vm, id=22340, stack(0x0000000002d90000,0x0000000002e90000)]

VM state:not at safepoint (normal execution)

VM Mutex/Monitor currently owned by a thread: None

Heap:
 PSYoungGen      total 76288K, used 1310K [0x000000076b380000, 0x0000000770880000, 0x00000007c0000000)
  eden space 65536K, 2% used [0x000000076b380000,0x000000076b4c7af0,0x000000076f380000)
  from space 10752K, 0% used [0x000000076fe00000,0x000000076fe00000,0x0000000770880000)
  to   space 10752K, 0% used [0x000000076f380000,0x000000076f380000,0x000000076fe00000)
 ParOldGen       total 175104K, used 0K [0x00000006c1a00000, 0x00000006cc500000, 0x000000076b380000)
  object space 175104K, 0% used [0x00000006c1a00000,0x00000006c1a00000,0x00000006cc500000)
 Metaspace       used 746K, capacity 4480K, committed 4480K, reserved 1056768K
  class space    used 75K, capacity 384K, committed 384K, reserved 1048576K

Card table byte_map: [0x0000000012410000,0x0000000012c10000] byte_map_base: 0x000000000ee03000

Marking Bits: (ParMarkBitMap*) 0x000000005ec8a6d0
 Begin Bits: [0x0000000013960000, 0x00000000178f8000)
 End Bits:   [0x00000000178f8000, 0x000000001b890000)

Polling page: 0x0000000000f00000

CodeCache: size=245760Kb used=328Kb max_used=328Kb free=245431Kb
 bounds [0x0000000003050000, 0x00000000032c0000, 0x0000000012050000]
 total_blobs=58 nmethods=0 adapters=38
 compilation: enabled

Compilation events (0 events):
No events

GC Heap History (0 events):
No events

Deoptimization events (0 events):
No events

Internal exceptions (0 events):
No events

Events (10 events):
Event: 0.033 loading class java/lang/Short
Event: 0.033 loading class java/lang/Short done
Event: 0.033 loading class java/lang/Integer
Event: 0.033 loading class java/lang/Integer done
Event: 0.033 loading class java/lang/Long
Event: 0.033 loading class java/lang/Long done
Event: 0.034 loading class java/lang/NullPointerException
Event: 0.034 loading class java/lang/NullPointerException done
Event: 0.034 loading class java/lang/ArithmeticException
Event: 0.034 loading class java/lang/ArithmeticException done


Dynamic libraries:
0x00007ff7d5020000 - 0x00007ff7d5057000 	C:\Program Files\Java\jre1.8.0_101\bin\javaw.exe
0x00007ff8f98a0000 - 0x00007ff8f9a81000 	C:\WINDOWS\SYSTEM32\ntdll.dll
0x00007ff8f8bf0000 - 0x00007ff8f8ca2000 	C:\WINDOWS\System32\KERNEL32.DLL
0x00007ff8f5d70000 - 0x00007ff8f5fe3000 	C:\WINDOWS\System32\KERNELBASE.dll
0x00007ff8f9460000 - 0x00007ff8f9501000 	C:\WINDOWS\System32\ADVAPI32.dll
0x00007ff8f6d30000 - 0x00007ff8f6dce000 	C:\WINDOWS\System32\msvcrt.dll
0x00007ff8f8f90000 - 0x00007ff8f8feb000 	C:\WINDOWS\System32\sechost.dll
0x00007ff8f8cb0000 - 0x00007ff8f8dd4000 	C:\WINDOWS\System32\RPCRT4.dll
0x00007ff8f8800000 - 0x00007ff8f8990000 	C:\WINDOWS\System32\USER32.dll
0x00007ff8f6110000 - 0x00007ff8f6130000 	C:\WINDOWS\System32\win32u.dll
0x00007ff8f9510000 - 0x00007ff8f9538000 	C:\WINDOWS\System32\GDI32.dll
0x00007ff8f6950000 - 0x00007ff8f6ae2000 	C:\WINDOWS\System32\gdi32full.dll
0x00007ff8f5ff0000 - 0x00007ff8f608f000 	C:\WINDOWS\System32\msvcp_win.dll
0x00007ff8f5c70000 - 0x00007ff8f5d6a000 	C:\WINDOWS\System32\ucrtbase.dll
0x00007ff8eb720000 - 0x00007ff8eb989000 	C:\WINDOWS\WinSxS\amd64_microsoft.windows.common-controls_6595b64144ccf1df_6.0.17134.523_none_fb409dd930672a56\COMCTL32.dll
0x00007ff8f9020000 - 0x00007ff8f9342000 	C:\WINDOWS\System32\combase.dll
0x00007ff8f6090000 - 0x00007ff8f610a000 	C:\WINDOWS\System32\bcryptPrimitives.dll
0x00007ff8f8ff0000 - 0x00007ff8f901d000 	C:\WINDOWS\System32\IMM32.DLL
0x000000005e390000 - 0x000000005e462000 	C:\Program Files\Java\jre1.8.0_101\bin\msvcr100.dll
0x000000005e470000 - 0x000000005ed0a000 	C:\Program Files\Java\jre1.8.0_101\bin\server\jvm.dll
0x00007ff8f9860000 - 0x00007ff8f9868000 	C:\WINDOWS\System32\PSAPI.DLL
0x00007ff8f47c0000 - 0x00007ff8f47c9000 	C:\WINDOWS\SYSTEM32\WSOCK32.dll
0x00007ff8f1500000 - 0x00007ff8f1523000 	C:\WINDOWS\SYSTEM32\WINMM.dll
0x00007ff8f0af0000 - 0x00007ff8f0afa000 	C:\WINDOWS\SYSTEM32\VERSION.dll
0x00007ff8f9540000 - 0x00007ff8f95ac000 	C:\WINDOWS\System32\WS2_32.dll
0x00007ff8f14d0000 - 0x00007ff8f14fa000 	C:\WINDOWS\SYSTEM32\winmmbase.dll
0x00007ff8f6af0000 - 0x00007ff8f6b39000 	C:\WINDOWS\System32\cfgmgr32.dll
0x000000005eea0000 - 0x000000005eeaf000 	C:\Program Files\Java\jre1.8.0_101\bin\verify.dll
0x000000005ee70000 - 0x000000005ee99000 	C:\Program Files\Java\jre1.8.0_101\bin\java.dll
0x000000005ee50000 - 0x000000005ee66000 	C:\Program Files\Java\jre1.8.0_101\bin\zip.dll

VM Arguments:
jvm_args: -Dfile.encoding=Cp1252 
java_command: DeckSelecter
java_class_path (initial): C:\Users\drewh\git\Hacklahoma-2019\Bees vs Wasps\bin
Launcher Type: SUN_STANDARD

Environment Variables:
PATH=C:/Program Files/Java/jre1.8.0_101/bin/server;C:/Program Files/Java/jre1.8.0_101/bin;C:/Program Files/Java/jre1.8.0_101/lib/amd64;C:\Program Files (x86)\Intel\iCLS Client\;C:\ProgramData\Oracle\Java\javapath;C:\Program Files\Intel\iCLS Client\;C:\windows\system32;C:\windows;C:\windows\System32\Wbem;C:\windows\System32\WindowsPowerShell\v1.0\;C:\Program Files (x86)\NVIDIA Corporation\PhysX\Common;C:\WINDOWS\system32;C:\WINDOWS;C:\WINDOWS\System32\Wbem;C:\WINDOWS\System32\WindowsPowerShell\v1.0\;C:\Program Files (x86)\GtkSharp\2.12\bin;C:\Program Files (x86)\Intel\Intel(R) Management Engine Components\DAL;C:\Program Files\Intel\Intel(R) Management Engine Components\DAL;C:\Program Files (x86)\Intel\Intel(R) Management Engine Components\IPT;C:\Program Files\Intel\Intel(R) Management Engine Components\IPT;C:\Program Files\Java\jdk1.8.0_101\bin;C:\Program Files\nodejs\;C:\WINDOWS\System32\OpenSSH\;C:\Program Files\Intel\WiFi\bin\;C:\Program Files\Common Files\Intel\WirelessCommon\;C:\Program Files (x86)\PuTTY\;C:\Downloads\nano-2.5.3\nano-2.5.3-win32;C:\Users\drewh\AppData\Local\Programs\Python\Python37-32\Scripts\;C:\Users\drewh\AppData\Local\Programs\Python\Python37-32\;C:\Users\drewh\scoop\shims;C:\Users\drewh\AppData\Local\Microsoft\WindowsApps;C:\Users\drewh\AppData\Local\Microsoft\WindowsApps;C:\Users\drewh\AppData\Roaming\npm;C:\Users\drewh\Documents\Downloads\nano-2.5.3\nano-2.5.3-win32;C:\Users\drewh\AppData\Local\atom\bin;C:\Users\drewh\AppData\Local\Programs\MiKTeX 2.9\miktex\bin\x64\;C:\Users\drewh\Desktop;
USERNAME=drewh
OS=Windows_NT
PROCESSOR_IDENTIFIER=Intel64 Family 6 Model 94 Stepping 3, GenuineIntel



---------------  S Y S T E M  ---------------

OS: Windows 10.0 , 64 bit Build 17134 (10.0.17134.1)

CPU:total 8 (4 cores per cpu, 2 threads per core) family 6 model 94 stepping 3, cmov, cx8, fxsr, mmx, sse, sse2, sse3, ssse3, sse4.1, sse4.2, popcnt, avx, avx2, aes, clmul, erms, rtm, 3dnowpref, lzcnt, ht, tsc, tscinvbit, bmi1, bmi2, adx

Memory: 4k page, physical 16664352k(6949160k free), swap 32141524k(5476k free)

vm_info: Java HotSpot(TM) 64-Bit Server VM (25.101-b13) for windows-amd64 JRE (1.8.0_101-b13), built on Jun 22 2016 01:21:29 by "java_re" with MS VC++ 10.0 (VS2010)

time: Sat Feb 09 21:23:08 2019
elapsed time: 0 seconds (0d 0h 0m 0s)

